<?xml version="1.0" encoding="UTF-8"?>
<!-- Generated by org.testng.reporters.JUnitXMLReporter -->
<testsuite hostname="Hoangs-MacBook-Pro.local" ignored="0" name="Command line test" tests="5" failures="0" timestamp="27 Mar 2018 14:24:22 GMT" time="30.387" errors="0">
  <testcase name="testAudiA6" time="0.001" classname="com.expedia.flightbooking.TestNG_Grouping"/>
  <testcase name="testBMWX6" time="0.0" classname="com.expedia.flightbooking.TestNG_Grouping"/>
  <testcase name="testHondaCBR" time="0.0" classname="com.expedia.flightbooking.TestNG_Grouping"/>
  <testcase name="testNinja" time="0.0" classname="com.expedia.flightbooking.TestNG_Grouping"/>
  <testcase name="searchExpedia" time="15.513" classname="com.expedia.flightbooking.TestNG_TestSuite"/>
</testsuite> <!-- Command line test -->
