<?xml version="1.0" encoding="UTF-8"?>
<!-- Generated by org.testng.reporters.JUnitXMLReporter -->
<testsuite hostname="Hoangs-MacBook-Pro.local" ignored="2" name="GroupsDemo" tests="2" failures="0" timestamp="27 Mar 2018 14:52:58 GMT" time="0.029" errors="0">
  <testcase name="testAudiA6" time="0.0" classname="com.expedia.flightbooking.TestNG_Grouping"/>
  <testcase name="testBMWX6" time="0.001" classname="com.expedia.flightbooking.TestNG_Grouping"/>
  <testcase name="testHondaCBR" time="0.0" classname="com.expedia.flightbooking.TestNG_Grouping">
    <ignored/>
  </testcase> <!-- testHondaCBR -->
  <testcase name="testNinja" time="0.0" classname="com.expedia.flightbooking.TestNG_Grouping">
    <ignored/>
  </testcase> <!-- testNinja -->
</testsuite> <!-- GroupsDemo -->
